{
  "timestamp": "2025-10-19T10:57:21.902967",
  "python_tests": {
    "pytest": {
      "success": false,
      "output": "============================= test session starts =============================\nplatform win32 -- Python 3.12.4, pytest-8.3.4, pluggy-1.5.0 -- C:\\Users\\micha\\AppData\\Local\\Programs\\Python\\Python312\\python.exe\ncachedir: .pytest_cache\nbenchmark: 5.1.0 (defaults: timer=time.perf_counter disable_gc=False min_rounds=5 min_time=0.000005 max_time=1.0 calibration_precision=10 warmup=False warmup_iterations=100000)\nrootdir: C:\\Users\\micha\\Noodle\\tests\nplugins: anyio-4.6.0, asyncio-1.2.0, benchmark-5.1.0, cov-6.0.0, docker-3.1.2, mock-3.12.0, typeguard-4.3.0\nasyncio: mode=Mode.STRICT, debug=False, asyncio_default_fixture_loop_scope=None, asyncio_default_test_loop_scope=function\ncollecting ...",
      "error": "C:\\Users\\micha\\AppData\\Local\\Programs\\Python\\Python312\\Lib\\site-packages\\pytest_asyncio\\plugin.py:252: PytestDeprecationWarning: The configuration option \"asyncio_default_fixture_loop_scope\" is unset.\nThe event loop scope for asynchronous fixtures will default to the fixture caching scope. Future versions of pytest-asyncio will default the loop scope for asynchronous fixtures to function scope. Set the default fixture loop scope explicitly in order to avoid unexpected behavior in the future. Valid fixture loop scopes are: \"function\", \"class\", \"module\", \"package\", \"session\"\n\n  warnings.warn(PytestDeprecationWarning(_DEFAULT_FIXTURE_LOOP_SCOPE_UNSET))\nWindows fatal exception: access violation\n\nCurrent thread 0x000050d8 (most recent call first):\n  File \"C:\\Users\\micha\\Noodle\\tests\\test_addtask.py\", line 23 in <module>\n  File \"C:\\Users\\micha\\AppData\\Local\\Programs\\Python\\Python312\\Lib\\site-packages\\_pytest\\assertion\\rewrite.py\", line 184 in exec_module\n  File \"<frozen importlib._bootstrap>\", line 935 in _load_unlocked\n  File \"<frozen importlib._bootstrap>\", line 1331 in _find_and_load_unlocked\n  File \"<frozen importlib._bootstrap>\", line 1360 in _find_and_load\n  File \"<frozen importlib._bootstrap>\", line 1387 in _gcd_import\n  File \"C:\\Users\\micha\\AppData\\Local\\Programs\\Python\\Python312\\Lib\\importlib\\__init__.py\", line 90 in import_module\n  File \"C:\\Users\\micha\\AppData\\Local\\Programs\\Python\\Python312\\Lib\\site-packages\\_pytest\\pathlib.py\", line 587 in import_path\n  File \"C:\\Users\\micha\\AppData\\Local\\Programs\\Python\\Python312\\Lib\\site-packages\\_pytest\\python.py\", line 493 in importtestmodule\n  File \"C:\\Users\\micha\\AppData\\Local\\Programs\\Python\\Python312\\Lib\\site-packages\\_pytest\\python.py\", line 546 in _getobj\n  File \"C:\\Users\\micha\\AppData\\Local\\Programs\\Python\\Python312\\Lib\\site-packages\\_pytest\\python.py\", line 284 in obj\n  File \"C:\\Users\\micha\\AppData\\Local\\Programs\\Python\\Python312\\Lib\\site-packages\\_pytest\\python.py\", line 562 in _register_setup_module_fixture\n  File \"C:\\Users\\micha\\AppData\\Local\\Programs\\Python\\Python312\\Lib\\site-packages\\_pytest\\python.py\", line 549 in collect\n  File \"C:\\Users\\micha\\AppData\\Local\\Programs\\Python\\Python312\\Lib\\site-packages\\_pytest\\runner.py\", line 389 in collect\n  File \"C:\\Users\\micha\\AppData\\Local\\Programs\\Python\\Python312\\Lib\\site-packages\\_pytest\\runner.py\", line 341 in from_call\n  File \"C:\\Users\\micha\\AppData\\Local\\Programs\\Python\\Python312\\Lib\\site-packages\\_pytest\\runner.py\", line 391 in pytest_make_collect_report\n  File \"C:\\Users\\micha\\AppData\\Local\\Programs\\Python\\Python312\\Lib\\site-packages\\pluggy\\_callers.py\", line 103 in _multicall\n  File \"C:\\Users\\micha\\AppData\\Local\\Programs\\Python\\Python312\\Lib\\site-packages\\pluggy\\_manager.py\", line 120 in _hookexec\n  File \"C:\\Users\\micha\\AppData\\Local\\Programs\\Python\\Python312\\Lib\\site-packages\\pluggy\\_hooks.py\", line 513 in __call__\n  File \"C:\\Users\\micha\\AppData\\Local\\Programs\\Python\\Python312\\Lib\\site-packages\\_pytest\\runner.py\", line 567 in collect_one_node\n  File \"C:\\Users\\micha\\AppData\\Local\\Programs\\Python\\Python312\\Lib\\site-packages\\_pytest\\main.py\", line 835 in _collect_one_node\n  File \"C:\\Users\\micha\\AppData\\Local\\Programs\\Python\\Python312\\Lib\\site-packages\\_pytest\\main.py\", line 970 in genitems\n  File \"C:\\Users\\micha\\AppData\\Local\\Programs\\Python\\Python312\\Lib\\site-packages\\_pytest\\main.py\", line 975 in genitems\n  File \"C:\\Users\\micha\\AppData\\Local\\Programs\\Python\\Python312\\Lib\\site-packages\\_pytest\\main.py\", line 809 in perform_collect\n  File \"C:\\Users\\micha\\AppData\\Local\\Programs\\Python\\Python312\\Lib\\site-packages\\_pytest\\main.py\", line 347 in pytest_collection\n  File \"C:\\Users\\micha\\AppData\\Local\\Programs\\Python\\Python312\\Lib\\site-packages\\pluggy\\_callers.py\", line 103 in _multicall\n  File \"C:\\Users\\micha\\AppData\\Local\\Programs\\Python\\Python312\\Lib\\site-packages\\pluggy\\_manager.py\", line 120 in _hookexec\n  File \"C:\\Users\\micha\\AppData\\Local\\Programs\\Python\\Python312\\Lib\\site-packages\\pluggy\\_hooks.py\", line 513 in __call__\n  File \"C:\\Users\\micha\\AppData\\Local\\Programs\\Python\\Python312\\Lib\\site-packages\\_pytest\\main.py\", line 336 in _main\n  File \"C:\\Users\\micha\\AppData\\Local\\Programs\\Python\\Python312\\Lib\\site-packages\\_pytest\\main.py\", line 283 in wrap_session\n  File \"C:\\Users\\micha\\AppData\\Local\\Programs\\Python\\Python312\\Lib\\site-packages\\_pytest\\main.py\", line 330 in pytest_cmdline_main\n  File \"C:\\Users\\micha\\AppData\\Local\\Programs\\Python\\Python312\\Lib\\site-packages\\pluggy\\_callers.py\", line 103 in _multicall\n  File \"C:\\Users\\micha\\AppData\\Local\\Programs\\Python\\Python312\\Lib\\site-packages\\pluggy\\_manager.py\", line 120 in _hookexec\n  File \"C:\\Users\\micha\\AppData\\Local\\Programs\\Python\\Python312\\Lib\\site-packages\\pluggy\\_hooks.py\", line 513 in __call__\n  File \"C:\\Users\\micha\\AppData\\Local\\Programs\\Python\\Python312\\Lib\\site-packages\\_pytest\\config\\__init__.py\", line 175 in main\n  File \"C:\\Users\\micha\\AppData\\Local\\Programs\\Python\\Python312\\Lib\\site-packages\\_pytest\\config\\__init__.py\", line 201 in console_main\n  File \"\\\\?\\C:\\Users\\micha\\AppData\\Local\\Programs\\Python\\Python312\\Scripts\\pytest-script.py\", line 33 in <module>",
      "return_code": 3221225477
    }
  },
  "noodlecore_tests": {
    "pytest": {
      "success": false,
      "output": "============================= test session starts =============================\nplatform win32 -- Python 3.12.4, pytest-8.3.4, pluggy-1.5.0 -- C:\\Users\\micha\\AppData\\Local\\Programs\\Python\\Python312\\python.exe\ncachedir: .pytest_cache\nbenchmark: 5.1.0 (defaults: timer=time.perf_counter disable_gc=False min_rounds=5 min_time=0.000005 max_time=1.0 calibration_precision=10 warmup=False warmup_iterations=100000)\nrootdir: C:\\Users\\micha\\Noodle\\noodle-core\nconfigfile: pytest.ini\nplugins: anyio-4.6.0, asyncio-1.2.0, benchmark-5.1.0, cov-6.0.0, docker-3.1.2, mock-3.12.0, typeguard-4.3.0\nasyncio: mode=Mode.STRICT, debug=False, asyncio_default_fixture_loop_scope=None, asyncio_default_test_loop_scope=function\ncollecting ... collected 0 items\n\nWARNING: Failed to generate report: No data to report.\n\n\n\n---------- coverage: platform win32, python 3.12.4-final-0 -----------\n\n============================ no tests ran in 0.14s ============================",
      "error": "C:\\Users\\micha\\AppData\\Local\\Programs\\Python\\Python312\\Lib\\site-packages\\pytest_asyncio\\plugin.py:252: PytestDeprecationWarning: The configuration option \"asyncio_default_fixture_loop_scope\" is unset.\nThe event loop scope for asynchronous fixtures will default to the fixture caching scope. Future versions of pytest-asyncio will default the loop scope for asynchronous fixtures to function scope. Set the default fixture loop scope explicitly in order to avoid unexpected behavior in the future. Valid fixture loop scopes are: \"function\", \"class\", \"module\", \"package\", \"session\"\n\n  warnings.warn(PytestDeprecationWarning(_DEFAULT_FIXTURE_LOOP_SCOPE_UNSET))\nC:\\Users\\micha\\AppData\\Local\\Programs\\Python\\Python312\\Lib\\site-packages\\coverage\\inorout.py:508: CoverageWarning: Module noodlecore was never imported. (module-not-imported)\n  self.warn(f\"Module {pkg} was never imported.\", slug=\"module-not-imported\")\nC:\\Users\\micha\\AppData\\Local\\Programs\\Python\\Python312\\Lib\\site-packages\\coverage\\control.py:892: CoverageWarning: No data was collected. (no-data-collected)\n  self._warn(\"No data was collected.\", slug=\"no-data-collected\")\nc:\\Users\\micha\\AppData\\Local\\Programs\\Python\\Python312\\Lib\\site-packages\\pytest_cov\\plugin.py:341: CovReportWarning: Failed to generate report: No data to report.\n\n  warnings.warn(CovReportWarning(message), stacklevel=1)",
      "return_code": 5
    }
  },
  "integration_tests": {
    "comprehensive": {
      "success": false,
      "output": "SUCCESS: Both noodlenet and noodlecore imported successfully\nFAILED: Component interaction error: cannot import name 'Link' from 'noodlenet.link' (C:\\Users\\micha\\Noodle\\noodlenet\\link.py)\nFAILED: Configuration compatibility error: cannot import name 'NoodleCoreConfig' from 'noodlecore.config' (C:\\Users\\micha\\Noodle\\noodle-core\\src\\noodlecore\\config.py)\nFAILED: Some integration tests failed",
      "error": "C:\\Users\\micha\\Noodle\\noodle-core\\src\\noodlecore\\__init__.py:19: UserWarning: Could not import NBC math from noodlecore, using stub implementations\n  warnings.warn(\"Could not import NBC math from noodlecore, using stub implementations\")\nC:\\Users\\micha\\Noodle\\noodle-core\\src\\noodlecore\\config.py:19: UserWarning: Could not import NBC config from noodlecore, using stub implementations\n  warnings.warn(\"Could not import NBC config from noodlecore, using stub implementations\")",
      "return_code": 1
    }
  },
  "coverage": {},
  "performance": {
    "basic": {
      "success": true,
      "output": "Import time: 0.2669 seconds\nSUCCESS: Import performance acceptable\nFAILED: Instantiation performance test error: cannot import name 'Link' from 'noodlenet.link' (C:\\Users\\micha\\Noodle\\noodlenet\\link.py)\nWARNING: Some performance tests failed",
      "error": "C:\\Users\\micha\\Noodle\\noodle-core\\src\\noodlecore\\__init__.py:19: UserWarning: Could not import NBC math from noodlecore, using stub implementations\n  warnings.warn(\"Could not import NBC math from noodlecore, using stub implementations\")",
      "return_code": 0
    }
  },
  "overall_status": "failed"
}